<?xml version="1.0" encoding="UTF-8"?>
<coverage generated="1669163062749" clover="3.2.0">
  <project timestamp="1669163062749" name="All files">
    <metrics statements="13" coveredstatements="13" conditionals="10" coveredconditionals="10" methods="2" coveredmethods="2" elements="25" coveredelements="25" complexity="0" loc="13" ncloc="13" packages="2" files="2" classes="2"/>
    <package name="dia-03-matchers-e-cobertura-de-código">
      <metrics statements="4" coveredstatements="4" conditionals="4" coveredconditionals="4" methods="1" coveredmethods="1"/>
      <file name="exercicio01.js" path="/home/roberta/Documentos/Trybe/trybe-exercicios/fundamentos/secao-07-Introducao-a-javascript-es6-e-testes-unitarios/dia-03-matchers-e-cobertura-de-código/exercicio01.js">
        <metrics statements="4" coveredstatements="4" conditionals="4" coveredconditionals="4" methods="1" coveredmethods="1"/>
        <line num="2" count="4" type="cond" truecount="4" falsecount="0"/>
        <line num="3" count="2" type="stmt"/>
        <line num="6" count="2" type="stmt"/>
        <line num="9" count="1" type="stmt"/>
      </file>
    </package>
    <package name="dia-03-matchers-e-cobertura-de-código.fixacao-testes">
      <metrics statements="9" coveredstatements="9" conditionals="6" coveredconditionals="6" methods="1" coveredmethods="1"/>
      <file name="createItem.js" path="/home/roberta/Documentos/Trybe/trybe-exercicios/fundamentos/secao-07-Introducao-a-javascript-es6-e-testes-unitarios/dia-03-matchers-e-cobertura-de-código/fixacao-testes/createItem.js">
        <metrics statements="9" coveredstatements="9" conditionals="6" coveredconditionals="6" methods="1" coveredmethods="1"/>
        <line num="1" count="1" type="stmt"/>
        <line num="2" count="6" type="cond" truecount="2" falsecount="0"/>
        <line num="3" count="2" type="stmt"/>
        <line num="5" count="4" type="cond" truecount="2" falsecount="0"/>
        <line num="6" count="2" type="stmt"/>
        <line num="8" count="2" type="cond" truecount="2" falsecount="0"/>
        <line num="9" count="1" type="stmt"/>
        <line num="11" count="2" type="stmt"/>
        <line num="18" count="1" type="stmt"/>
      </file>
    </package>
  </project>
</coverage>
