TN:
SF:bonus.js
FN:42,(anonymous_0)
FNF:1
FNH:1
FNDA:3,(anonymous_0)
DA:2,1
DA:42,1
DA:43,3
DA:45,3
DA:46,13
DA:47,13
DA:48,1
DA:49,12
DA:50,1
DA:53,2
DA:54,1
DA:56,1
DA:60,1
LF:13
LH:13
BRDA:47,0,0,1
BRDA:47,0,1,12
BRDA:47,1,0,13
BRDA:47,1,1,1
BRDA:49,2,0,1
BRDA:49,2,1,11
BRDA:53,3,0,1
BRDA:53,3,1,1
BRF:8
BRH:8
end_of_record
TN:
SF:exercicio01.js
FN:1,sum
FNF:1
FNH:1
FNDA:4,sum
DA:2,4
DA:3,2
DA:6,2
DA:9,1
LF:4
LH:4
BRDA:2,0,0,2
BRDA:2,0,1,2
BRDA:2,1,0,4
BRDA:2,1,1,4
BRF:4
BRH:4
end_of_record
TN:
SF:exercicio02.js
FN:8,(anonymous_0)
FNF:1
FNH:1
FNDA:4,(anonymous_0)
DA:2,2
DA:8,2
DA:9,4
DA:12,2
DA:14,2
LF:5
LH:5
BRF:0
BRH:0
end_of_record
TN:
SF:exercicio04.js
FN:8,(anonymous_0)
FNF:1
FNH:1
FNDA:2,(anonymous_0)
DA:2,1
DA:8,1
DA:9,2
DA:10,1
DA:12,1
DA:15,1
DA:17,1
LF:7
LH:7
BRDA:9,0,0,1
BRDA:9,0,1,1
BRDA:9,1,0,2
BRDA:9,1,1,2
BRF:4
BRH:4
end_of_record
TN:
SF:fixacao-testes/createItem.js
FN:1,(anonymous_0)
FNF:1
FNH:1
FNDA:6,(anonymous_0)
DA:1,1
DA:2,6
DA:3,2
DA:5,4
DA:6,2
DA:8,2
DA:9,1
DA:11,2
DA:18,1
LF:9
LH:9
BRDA:2,0,0,2
BRDA:2,0,1,4
BRDA:5,1,0,2
BRDA:5,1,1,2
BRDA:8,2,0,1
BRDA:8,2,1,1
BRF:6
BRH:6
end_of_record
